<?xml version="1.0"?>
<testsuite name="HeadlessChrome 71.0.3578 (Windows 10.0.0)" package="" timestamp="2019-02-03T13:34:24" id="0" hostname="WS350F" tests="3" errors="0" failures="1" time="0.073">
  <properties>
    <property name="browser.fullName" value="Mozilla/5.0 (Windows NT 10.0; Win64; x64) AppleWebKit/537.36 (KHTML, like Gecko) HeadlessChrome/71.0.3578.98 Safari/537.36"/>
  </properties>
  <testcase name="TestHttpService should be created" time="0.033" classname="TestHttpService"/>
  <testcase name="TestHttpService deleting Calls http client for deletion" time="0.02" classname="TestHttpService">
    <failure type="">Expected spy on spy.delete to be undefined.
    at UserContext.&lt;anonymous&gt; (http://localhost:9876/src/integration-tests/test-areas/http/services/http-base.service.spec.ts?:48:37)
    at ZoneDelegate.push.../../../node_modules/zone.js/dist/zone.js.ZoneDelegate.invoke (http://localhost:9876/C:/MyGit/Personal/MyLittleAngularHelpers/ng-base-services/node_modules/zone.js/dist/zone.js?:388:1)
    at ProxyZoneSpec.push.../../../node_modules/zone.js/dist/zone-testing.js.ProxyZoneSpec.onInvoke (http://localhost:9876/C:/MyGit/Personal/MyLittleAngularHelpers/ng-base-services/node_modules/zone.js/dist/zone-testing.js?:288:1)
    at ZoneDelegate.push.../../../node_modules/zone.js/dist/zone.js.ZoneDelegate.invoke (http://localhost:9876/C:/MyGit/Personal/MyLittleAngularHelpers/ng-base-services/node_modules/zone.js/dist/zone.js?:387:1)
</failure>
  </testcase>
  <testcase name="TestHttpService deleting Passes correct URL and options" time="0.02" classname="TestHttpService"/>
  <system-out>
    <![CDATA[
]]>
  </system-out>
  <system-err/>
</testsuite>