<?xml version="1.0"?>
<testsuite name="HeadlessChrome 71.0.3578 (Windows 10.0.0)" package="" timestamp="2019-02-03T12:05:54" id="0" hostname="WS350F" tests="3" errors="0" failures="0" time="0.057">
  <properties>
    <property name="browser.fullName" value="Mozilla/5.0 (Windows NT 10.0; Win64; x64) AppleWebKit/537.36 (KHTML, like Gecko) HeadlessChrome/71.0.3578.98 Safari/537.36"/>
  </properties>
  <testcase name="TestHttpService should be created" time="0.034" classname="TestHttpService"/>
  <testcase name="TestHttpService deleting Calls http client for deletion" time="0.012" classname="TestHttpService"/>
  <testcase name="TestHttpService deleting Passes correct URL and options" time="0.011" classname="TestHttpService"/>
  <system-out>
    <![CDATA[
]]>
  </system-out>
  <system-err/>
</testsuite>