<?xml version="1.0"?>
<testsuite name="HeadlessChrome 71.0.3578 (Windows 10.0.0)" package="Unit-Tests" timestamp="2019-02-03T13:59:47" id="0" hostname="WS350F" tests="1" errors="1" failures="1" time="0.039">
  <properties>
    <property name="browser.fullName" value="Mozilla/5.0 (Windows NT 10.0; Win64; x64) AppleWebKit/537.36 (KHTML, like Gecko) HeadlessChrome/71.0.3578.98 Safari/537.36"/>
  </properties>
  <testcase name="ObjectFactoryService should be created" time="0.039" classname="Unit-Tests.ObjectFactoryService">
    <failure type="">Expected ObjectFactoryService({  }) to be falsy.
    at UserContext.&lt;anonymous&gt; (http://localhost:9876/src/lib/areas/object-creation/services/object-factory.service.spec.ts?:12:17)
    at TestBedViewEngine.push.../../../node_modules/@angular/core/fesm5/testing.js.TestBedViewEngine.execute (http://localhost:9876/C:/MyGit/Personal/MyLittleAngularHelpers/ng-base-services/node_modules/@angular/core/fesm5/testing.js?:1779:1)
    at UserContext.&lt;anonymous&gt; (http://localhost:9876/C:/MyGit/Personal/MyLittleAngularHelpers/ng-base-services/node_modules/@angular/core/fesm5/testing.js?:1948:29)
    at ZoneDelegate.push.../../../node_modules/zone.js/dist/zone.js.ZoneDelegate.invoke (http://localhost:9876/C:/MyGit/Personal/MyLittleAngularHelpers/ng-base-services/node_modules/zone.js/dist/zone.js?:388:1)
</failure>
  </testcase>
  <system-out>
    <![CDATA[
]]>
  </system-out>
  <system-err/>
</testsuite>